PLINK v1.90b7 64-bit (16 Jan 2023)
Options in effect:
  --bfile ./data/1KG.EAS.auto.snp.norm.nodup.split.rare002.common015.missing
  --extract sig_locus.snplist
  --keep-allele-order
  --out sig_locus_mt_r2
  --r2 square

Hostname: CBO
Working directory: /home/ofge/Documents/icog/Gwas
Start time: Tue Mar 11 18:03:45 2025

Random number seed: 1741705425
15771 MB RAM detected; reserving 7885 MB for main workspace.
1235116 variants loaded from .bim file.
504 people (0 males, 0 females, 504 ambiguous) loaded from .fam.
Ambiguous sex IDs written to sig_locus_mt_r2.nosex .
--extract: 379 variants remaining.
Using up to 8 threads (change this with --threads).
Before main variant filters, 504 founders and 0 nonfounders present.
Calculating allele frequencies... done.
Total genotyping rate is 0.992472.
379 variants and 504 people pass filters and QC.
Note: No phenotypes present.
--r2 square to sig_locus_mt_r2.ld ... done.

End time: Tue Mar 11 18:03:45 2025
