PLINK v1.9.0-b.7.7 64-bit (22 Oct 2024)
Options in effect:
  --bfile ../data/1KG.EAS.auto.snp.norm.nodup.split.rare002.common015.missing
  --extract credible.snplist
  --keep-allele-order
  --out credible_r
  --r2 square

Hostname: CBO
Working directory: /home/ofge/Documents/icog/Gwas/fine_mapping
Start time: Mon Apr  7 10:12:43 2025

Random number seed: 1744009963
15771 MB RAM detected; reserving 7885 MB for main workspace.
1235116 variants loaded from .bim file.
504 people (0 males, 0 females, 504 ambiguous) loaded from .fam.
Ambiguous sex IDs written to credible_r.nosex .
--extract: 5 variants remaining.
Using up to 8 threads (change this with --threads).
Before main variant filters, 504 founders and 0 nonfounders present.
Calculating allele frequencies... done.
Total genotyping rate is 0.995635.
5 variants and 504 people pass filters and QC.
Note: No phenotypes present.
--r2 square to credible_r.ld ... done.

End time: Mon Apr  7 10:12:43 2025
