PLINK v1.9.0-b.8 64-bit (22 Oct 2024)
Options in effect:
  --bfile ../data/1KG.EAS.auto.snp.norm.nodup.split.rare002.common015.missing
  --extract sig_locus.snplist
  --keep-allele-order
  --out sig_locus_mt_r2
  --r2 square

Hostname: CBO
Working directory: /home/ofge/Documents/icog/Gwas/fine_mapping
Start time: Fri Apr  4 16:31:17 2025

Random number seed: 1743773477
15771 MB RAM detected; reserving 7885 MB for main workspace.
1235116 variants loaded from .bim file.
504 people (0 males, 0 females, 504 ambiguous) loaded from .fam.
Ambiguous sex IDs written to sig_locus_mt_r2.nosex .
--extract: 379 variants remaining.
Using up to 8 threads (change this with --threads).
Before main variant filters, 504 founders and 0 nonfounders present.
Calculating allele frequencies... done.
Total genotyping rate is 0.992472.
379 variants and 504 people pass filters and QC.
Note: No phenotypes present.
--r2 square to sig_locus_mt_r2.ld ... done.

End time: Fri Apr  4 16:31:18 2025
